<?xml version="1.0" encoding="UTF-8" ?>
<testsuite failures="0" time="3.157" errors="2" skipped="0" tests="5" name="com.jesus.sshframework.HibernateTest">
  <properties>
    <property name="java.runtime.name" value="Java(TM) SE Runtime Environment"/>
    <property name="sun.boot.library.path" value="D:\Program Files\MyEclipse Professional 2014\binary\com.sun.java.jdk7.win32.x86_1.7.0.u45\jre\bin"/>
    <property name="java.vm.version" value="24.45-b08"/>
    <property name="java.vm.vendor" value="Oracle Corporation"/>
    <property name="java.vendor.url" value="http://java.oracle.com/"/>
    <property name="path.separator" value=";"/>
    <property name="guice.disable.misplaced.annotation.check" value="true"/>
    <property name="java.vm.name" value="Java HotSpot(TM) Client VM"/>
    <property name="file.encoding.pkg" value="sun.io"/>
    <property name="user.script" value=""/>
    <property name="user.country" value="CN"/>
    <property name="sun.java.launcher" value="SUN_STANDARD"/>
    <property name="sun.os.patch.level" value="Service Pack 3"/>
    <property name="java.vm.specification.name" value="Java Virtual Machine Specification"/>
    <property name="user.dir" value="E:\ZhiQuProject\WebApps\sshframework"/>
    <property name="java.runtime.version" value="1.7.0_45-b18"/>
    <property name="java.awt.graphicsenv" value="sun.awt.Win32GraphicsEnvironment"/>
    <property name="java.endorsed.dirs" value="D:\Program Files\MyEclipse Professional 2014\binary\com.sun.java.jdk7.win32.x86_1.7.0.u45\jre\lib\endorsed"/>
    <property name="os.arch" value="x86"/>
    <property name="java.io.tmpdir" value="C:\DOCUME~1\ADMINI~1\LOCALS~1\Temp\"/>
    <property name="line.separator" value="
"/>
    <property name="java.vm.specification.vendor" value="Oracle Corporation"/>
    <property name="user.variant" value=""/>
    <property name="os.name" value="Windows XP"/>
    <property name="classworlds.conf" value="E:\ZhiQuProject\WebApps\.metadata\.plugins\org.eclipse.m2e.launching\launches\m2conf2640912117863689318.tmp"/>
    <property name="sun.jnu.encoding" value="GBK"/>
    <property name="java.library.path" value="D:\Program Files\MyEclipse Professional 2014\binary\com.sun.java.jdk7.win32.x86_1.7.0.u45\bin;C:\WINDOWS\Sun\Java\bin;C:\WINDOWS\system32;C:\WINDOWS;D:/Program Files/MyEclipse Professional 2014/binary/com.sun.java.jdk7.win32.x86_1.7.0.u45/jre/bin/client;D:/Program Files/MyEclipse Professional 2014/binary/com.sun.java.jdk7.win32.x86_1.7.0.u45/jre/bin;D:/Program Files/MyEclipse Professional 2014/binary/com.sun.java.jdk7.win32.x86_1.7.0.u45/jre/lib/i386;D:\Program Files\Git\git-cheetah\..\bin;D:\Program Files\Git\git-cheetah\..\bin;D:\Program Files\Git\git-cheetah\..\bin;D:\Program Files\Git\git-cheetah\..\bin;D:\Program Files\Git\git-cheetah\..\bin;C:\Program Files\Common Files\Microsoft Shared\Windows Live;C:\WINDOWS\system32;C:\WINDOWS;C:\WINDOWS\System32\Wbem;C:\WINDOWS\System32\WindowsPowerShell\v1.0\;C:\Program Files\Common Files\Thunder Network\KanKan\Codecs;C:\Program Files\Windows Live\Shared;D:\java\jdk1.7.0_67\bin;D:\developer\mysql-5.6.21-win32\bin;D:\developer\apache-tomcat-7.0.55\lib;D:\developer\apache-tomcat-7.0.55\bin;D:\developer\mysql-5.6.21-win32\bin;D:\Program Files\Android Studio\gradle\gradle-2.2.1\bin;D:\AndroidDev\ANT\apache-ant-1.9.4\bin;D:\AndroidDev\SDK;D:\AndroidDev\SDK\platform-tools;D:\AndroidDev\SDK\tools;D:\Program Files\TortoiseGit\bin;D:\Program Files\Kingsoft\WPS Office\9.1.0.4993\office6;."/>
    <property name="java.specification.name" value="Java Platform API Specification"/>
    <property name="java.class.version" value="51.0"/>
    <property name="sun.management.compiler" value="HotSpot Client Compiler"/>
    <property name="os.version" value="5.1"/>
    <property name="user.home" value="C:\Documents and Settings\Administrator"/>
    <property name="user.timezone" value="Asia/Shanghai"/>
    <property name="java.awt.printerjob" value="sun.awt.windows.WPrinterJob"/>
    <property name="java.specification.version" value="1.7"/>
    <property name="file.encoding" value="UTF-8"/>
    <property name="user.name" value="Administrator"/>
    <property name="java.class.path" value="/D:/Program Files/MyEclipse Professional 2014/plugins/org.eclipse.m2e.maven.runtime_1.4.0.20130531-2315/jars/plexus-classworlds-2.4.jar"/>
    <property name="java.vm.specification.version" value="1.7"/>
    <property name="sun.arch.data.model" value="32"/>
    <property name="java.home" value="D:\Program Files\MyEclipse Professional 2014\binary\com.sun.java.jdk7.win32.x86_1.7.0.u45\jre"/>
    <property name="sun.java.command" value="org.codehaus.plexus.classworlds.launcher.Launcher -B -s C:\Documents and Settings\Administrator\.m2\settings.xml install"/>
    <property name="java.specification.vendor" value="Oracle Corporation"/>
    <property name="user.language" value="zh"/>
    <property name="awt.toolkit" value="sun.awt.windows.WToolkit"/>
    <property name="java.vm.info" value="mixed mode"/>
    <property name="java.version" value="1.7.0_45"/>
    <property name="java.ext.dirs" value="D:\Program Files\MyEclipse Professional 2014\binary\com.sun.java.jdk7.win32.x86_1.7.0.u45\jre\lib\ext;C:\WINDOWS\Sun\Java\lib\ext"/>
    <property name="sun.boot.class.path" value="D:\Program Files\MyEclipse Professional 2014\binary\com.sun.java.jdk7.win32.x86_1.7.0.u45\jre\lib\resources.jar;D:\Program Files\MyEclipse Professional 2014\binary\com.sun.java.jdk7.win32.x86_1.7.0.u45\jre\lib\rt.jar;D:\Program Files\MyEclipse Professional 2014\binary\com.sun.java.jdk7.win32.x86_1.7.0.u45\jre\lib\sunrsasign.jar;D:\Program Files\MyEclipse Professional 2014\binary\com.sun.java.jdk7.win32.x86_1.7.0.u45\jre\lib\jsse.jar;D:\Program Files\MyEclipse Professional 2014\binary\com.sun.java.jdk7.win32.x86_1.7.0.u45\jre\lib\jce.jar;D:\Program Files\MyEclipse Professional 2014\binary\com.sun.java.jdk7.win32.x86_1.7.0.u45\jre\lib\charsets.jar;D:\Program Files\MyEclipse Professional 2014\binary\com.sun.java.jdk7.win32.x86_1.7.0.u45\jre\lib\jfr.jar;D:\Program Files\MyEclipse Professional 2014\binary\com.sun.java.jdk7.win32.x86_1.7.0.u45\jre\classes"/>
    <property name="java.vendor" value="Oracle Corporation"/>
    <property name="maven.home" value="E:\ZhiQuProject\WebApps\sshframework\EMBEDDED"/>
    <property name="file.separator" value="\"/>
    <property name="java.vendor.url.bug" value="http://bugreport.sun.com/bugreport/"/>
    <property name="maven.bootclasspath" value="/D:/Program Files/MyEclipse Professional 2014/plugins/org.eclipse.m2e.maven.runtime_1.4.0.20130531-2315/jars/plexus-classworlds-2.4.jar"/>
    <property name="sun.cpu.endian" value="little"/>
    <property name="sun.io.unicode.encoding" value="UnicodeLittle"/>
    <property name="sun.desktop" value="windows"/>
    <property name="sun.cpu.isalist" value="pentium_pro+mmx pentium_pro pentium+mmx pentium i486 i386 i86"/>
  </properties>
  <testcase time="2.312" classname="com.jesus.sshframework.HibernateTest" name="delete">
    <error message="No row with the given identifier exists: [com.jesus.sshframework.model.User#402881124d938727014d93872a050000]" type="org.hibernate.ObjectNotFoundException">org.hibernate.ObjectNotFoundException: No row with the given identifier exists: [com.jesus.sshframework.model.User#402881124d938727014d93872a050000]
	at org.hibernate.internal.SessionFactoryImpl$1$1.handleEntityNotFound(SessionFactoryImpl.java:244)
	at org.hibernate.proxy.AbstractLazyInitializer.checkTargetState(AbstractLazyInitializer.java:261)
	at org.hibernate.proxy.AbstractLazyInitializer.initialize(AbstractLazyInitializer.java:175)
	at org.hibernate.proxy.AbstractLazyInitializer.getImplementation(AbstractLazyInitializer.java:285)
	at org.hibernate.engine.internal.StatefulPersistenceContext.unproxyAndReassociate(StatefulPersistenceContext.java:677)
	at org.hibernate.event.internal.DefaultDeleteEventListener.onDelete(DefaultDeleteEventListener.java:90)
	at org.hibernate.event.internal.DefaultDeleteEventListener.onDelete(DefaultDeleteEventListener.java:74)
	at org.hibernate.internal.SessionImpl.fireDelete(SessionImpl.java:957)
	at org.hibernate.internal.SessionImpl.delete(SessionImpl.java:936)
	at com.jesus.sshframework.dao.impl.BaseDaoImpl.delete(BaseDaoImpl.java:80)
	at com.jesus.sshframework.dao.impl.UserDaoImpl.delete(UserDaoImpl.java:41)
	at com.jesus.sshframework.dao.impl.UserDaoImpl.delete(UserDaoImpl.java:1)
	at com.jesus.sshframework.service.impl.BaseServiceImpl.delete(BaseServiceImpl.java:38)
	at sun.reflect.NativeMethodAccessorImpl.invoke0(Native Method)
	at sun.reflect.NativeMethodAccessorImpl.invoke(NativeMethodAccessorImpl.java:57)
	at sun.reflect.DelegatingMethodAccessorImpl.invoke(DelegatingMethodAccessorImpl.java:43)
	at java.lang.reflect.Method.invoke(Method.java:606)
	at org.springframework.aop.support.AopUtils.invokeJoinpointUsingReflection(AopUtils.java:317)
	at org.springframework.aop.framework.ReflectiveMethodInvocation.invokeJoinpoint(ReflectiveMethodInvocation.java:183)
	at org.springframework.aop.framework.ReflectiveMethodInvocation.proceed(ReflectiveMethodInvocation.java:150)
	at org.springframework.transaction.interceptor.TransactionInterceptor.invoke(TransactionInterceptor.java:110)
	at org.springframework.aop.framework.ReflectiveMethodInvocation.proceed(ReflectiveMethodInvocation.java:172)
	at org.springframework.aop.interceptor.ExposeInvocationInterceptor.invoke(ExposeInvocationInterceptor.java:90)
	at org.springframework.aop.framework.ReflectiveMethodInvocation.proceed(ReflectiveMethodInvocation.java:172)
	at org.springframework.aop.framework.JdkDynamicAopProxy.invoke(JdkDynamicAopProxy.java:204)
	at com.sun.proxy.$Proxy17.delete(Unknown Source)
	at com.jesus.sshframework.HibernateTest.delete(HibernateTest.java:69)
	at sun.reflect.NativeMethodAccessorImpl.invoke0(Native Method)
	at sun.reflect.NativeMethodAccessorImpl.invoke(NativeMethodAccessorImpl.java:57)
	at sun.reflect.DelegatingMethodAccessorImpl.invoke(DelegatingMethodAccessorImpl.java:43)
	at java.lang.reflect.Method.invoke(Method.java:606)
	at org.junit.runners.model.FrameworkMethod$1.runReflectiveCall(FrameworkMethod.java:47)
	at org.junit.internal.runners.model.ReflectiveCallable.run(ReflectiveCallable.java:12)
	at org.junit.runners.model.FrameworkMethod.invokeExplosively(FrameworkMethod.java:44)
	at org.junit.internal.runners.statements.InvokeMethod.evaluate(InvokeMethod.java:17)
	at org.junit.runners.ParentRunner.runLeaf(ParentRunner.java:271)
	at org.junit.runners.BlockJUnit4ClassRunner.runChild(BlockJUnit4ClassRunner.java:70)
	at org.junit.runners.BlockJUnit4ClassRunner.runChild(BlockJUnit4ClassRunner.java:50)
	at org.junit.runners.ParentRunner$3.run(ParentRunner.java:238)
	at org.junit.runners.ParentRunner$1.schedule(ParentRunner.java:63)
	at org.junit.runners.ParentRunner.runChildren(ParentRunner.java:236)
	at org.junit.runners.ParentRunner.access$000(ParentRunner.java:53)
	at org.junit.runners.ParentRunner$2.evaluate(ParentRunner.java:229)
	at org.junit.runners.ParentRunner.run(ParentRunner.java:309)
	at org.apache.maven.surefire.junit4.JUnit4TestSet.execute(JUnit4TestSet.java:53)
	at org.apache.maven.surefire.junit4.JUnit4Provider.executeTestSet(JUnit4Provider.java:123)
	at org.apache.maven.surefire.junit4.JUnit4Provider.invoke(JUnit4Provider.java:104)
	at sun.reflect.NativeMethodAccessorImpl.invoke0(Native Method)
	at sun.reflect.NativeMethodAccessorImpl.invoke(NativeMethodAccessorImpl.java:57)
	at sun.reflect.DelegatingMethodAccessorImpl.invoke(DelegatingMethodAccessorImpl.java:43)
	at java.lang.reflect.Method.invoke(Method.java:606)
	at org.apache.maven.surefire.util.ReflectionUtils.invokeMethodWithArray(ReflectionUtils.java:164)
	at org.apache.maven.surefire.booter.ProviderFactory$ProviderProxy.invoke(ProviderFactory.java:110)
	at org.apache.maven.surefire.booter.SurefireStarter.invokeProvider(SurefireStarter.java:175)
	at org.apache.maven.surefire.booter.SurefireStarter.runSuitesInProcessWhenForked(SurefireStarter.java:107)
	at org.apache.maven.surefire.booter.ForkedBooter.main(ForkedBooter.java:68)
</error>
    <system-out>[org.springframework.context.support.ClassPathXmlApplicationContext]Refreshing org.springframework.context.support.ClassPathXmlApplicationContext@1d267b5: startup date [Thu May 28 16:21:11 CST 2015]; root of context hierarchy
[org.springframework.beans.factory.xml.XmlBeanDefinitionReader]Loading XML bean definitions from class path resource [spring.xml]
[org.springframework.beans.factory.xml.XmlBeanDefinitionReader]Loading XML bean definitions from class path resource [spring-hibernate.xml]
[org.springframework.beans.factory.config.PropertyPlaceholderConfigurer]Loading properties file from class path resource [config.properties]
[org.springframework.beans.factory.support.DefaultListableBeanFactory]Pre-instantiating singletons in org.springframework.beans.factory.support.DefaultListableBeanFactory@18f9c72: defining beans [org.springframework.beans.factory.config.PropertyPlaceholderConfigurer#0,baseDaoImpl,userDaoImpl,userService,org.springframework.context.annotation.internalConfigurationAnnotationProcessor,org.springframework.context.annotation.internalAutowiredAnnotationProcessor,org.springframework.context.annotation.internalRequiredAnnotationProcessor,org.springframework.context.annotation.internalCommonAnnotationProcessor,org.springframework.context.annotation.internalPersistenceAnnotationProcessor,dataSource,sessionFactory,transactionManager,transactionAdvice,org.springframework.aop.config.internalAutoProxyCreator,transactionPointcut,org.springframework.aop.support.DefaultBeanFactoryPointcutAdvisor#0,org.springframework.context.annotation.ConfigurationClassPostProcessor.importAwareProcessor]; root of factory hierarchy
[com.alibaba.druid.pool.DruidAbstractDataSource]maxIdle is deprecated
[com.alibaba.druid.pool.DruidDataSource]{dataSource-1} inited
[org.hibernate.annotations.common.Version]HCANN000001: Hibernate Commons Annotations {4.0.2.Final}
[org.hibernate.Version]HHH000412: Hibernate Core {4.2.5.Final}
[org.hibernate.cfg.Environment]HHH000206: hibernate.properties not found
[org.hibernate.cfg.Environment]HHH000021: Bytecode provider name : javassist
[org.hibernate.dialect.Dialect]HHH000400: Using dialect: org.hibernate.dialect.MySQLDialect
[org.hibernate.engine.transaction.internal.TransactionFactoryInitiator]HHH000399: Using default transaction strategy (direct JDBC transactions)
[org.hibernate.hql.internal.ast.ASTQueryTranslatorFactory]HHH000397: Using ASTQueryTranslatorFactory
[org.hibernate.id.UUIDHexGenerator]HHH000409: Using org.hibernate.id.UUIDHexGenerator which does not generate IETF RFC 4122 compliant UUID values; consider using org.hibernate.id.UUIDGenerator instead
[org.hibernate.tool.hbm2ddl.SchemaUpdate]HHH000228: Running hbm2ddl schema update
[org.hibernate.tool.hbm2ddl.SchemaUpdate]HHH000102: Fetching database metadata
[org.hibernate.tool.hbm2ddl.SchemaUpdate]HHH000396: Updating schema
[org.hibernate.tool.hbm2ddl.TableMetadata]HHH000261: Table found: sshf.user
[org.hibernate.tool.hbm2ddl.TableMetadata]HHH000037: Columns: [id, modifydate, username, createdate, password]
[org.hibernate.tool.hbm2ddl.TableMetadata]HHH000108: Foreign keys: []
[org.hibernate.tool.hbm2ddl.TableMetadata]HHH000126: Indexes: [primary]
[org.hibernate.tool.hbm2ddl.SchemaUpdate]HHH000232: Schema update complete
[org.springframework.orm.hibernate4.HibernateTransactionManager]Using DataSource [{
	CreateTime:&quot;2015-05-28 16:21:12&quot;,
	ActiveCount:0,
	PoolingCount:1,
	CreateCount:1,
	DestroyCount:0,
	CloseCount:2,
	ConnectCount:2,
	Connections:[
		{ID:29756337, ConnectTime:&quot;2015-05-28 16:21:13&quot;, UseCount:2, LastActiveTime:&quot;2015-05-28 16:21:13&quot;}
	]
}] of Hibernate SessionFactory for HibernateTransactionManager
Hibernate: select user0_.id as id1_0_0_, user0_.createDate as createDa2_0_0_, user0_.modifyDate as modifyDa3_0_0_, user0_.password as password4_0_0_, user0_.username as username5_0_0_ from user user0_ where user0_.id=?
</system-out>
  </testcase>
  <testcase time="0.297" classname="com.jesus.sshframework.HibernateTest" name="queryAll"/>
  <testcase time="0.219" classname="com.jesus.sshframework.HibernateTest" name="add"/>
  <testcase time="0.125" classname="com.jesus.sshframework.HibernateTest" name="query">
    <error type="java.lang.NullPointerException">java.lang.NullPointerException
	at com.jesus.sshframework.HibernateTest.query(HibernateTest.java:43)
	at sun.reflect.NativeMethodAccessorImpl.invoke0(Native Method)
	at sun.reflect.NativeMethodAccessorImpl.invoke(NativeMethodAccessorImpl.java:57)
	at sun.reflect.DelegatingMethodAccessorImpl.invoke(DelegatingMethodAccessorImpl.java:43)
	at java.lang.reflect.Method.invoke(Method.java:606)
	at org.junit.runners.model.FrameworkMethod$1.runReflectiveCall(FrameworkMethod.java:47)
	at org.junit.internal.runners.model.ReflectiveCallable.run(ReflectiveCallable.java:12)
	at org.junit.runners.model.FrameworkMethod.invokeExplosively(FrameworkMethod.java:44)
	at org.junit.internal.runners.statements.InvokeMethod.evaluate(InvokeMethod.java:17)
	at org.junit.runners.ParentRunner.runLeaf(ParentRunner.java:271)
	at org.junit.runners.BlockJUnit4ClassRunner.runChild(BlockJUnit4ClassRunner.java:70)
	at org.junit.runners.BlockJUnit4ClassRunner.runChild(BlockJUnit4ClassRunner.java:50)
	at org.junit.runners.ParentRunner$3.run(ParentRunner.java:238)
	at org.junit.runners.ParentRunner$1.schedule(ParentRunner.java:63)
	at org.junit.runners.ParentRunner.runChildren(ParentRunner.java:236)
	at org.junit.runners.ParentRunner.access$000(ParentRunner.java:53)
	at org.junit.runners.ParentRunner$2.evaluate(ParentRunner.java:229)
	at org.junit.runners.ParentRunner.run(ParentRunner.java:309)
	at org.apache.maven.surefire.junit4.JUnit4TestSet.execute(JUnit4TestSet.java:53)
	at org.apache.maven.surefire.junit4.JUnit4Provider.executeTestSet(JUnit4Provider.java:123)
	at org.apache.maven.surefire.junit4.JUnit4Provider.invoke(JUnit4Provider.java:104)
	at sun.reflect.NativeMethodAccessorImpl.invoke0(Native Method)
	at sun.reflect.NativeMethodAccessorImpl.invoke(NativeMethodAccessorImpl.java:57)
	at sun.reflect.DelegatingMethodAccessorImpl.invoke(DelegatingMethodAccessorImpl.java:43)
	at java.lang.reflect.Method.invoke(Method.java:606)
	at org.apache.maven.surefire.util.ReflectionUtils.invokeMethodWithArray(ReflectionUtils.java:164)
	at org.apache.maven.surefire.booter.ProviderFactory$ProviderProxy.invoke(ProviderFactory.java:110)
	at org.apache.maven.surefire.booter.SurefireStarter.invokeProvider(SurefireStarter.java:175)
	at org.apache.maven.surefire.booter.SurefireStarter.runSuitesInProcessWhenForked(SurefireStarter.java:107)
	at org.apache.maven.surefire.booter.ForkedBooter.main(ForkedBooter.java:68)
</error>
    <system-out>[org.springframework.context.support.ClassPathXmlApplicationContext]Refreshing org.springframework.context.support.ClassPathXmlApplicationContext@a8763e: startup date [Thu May 28 16:21:14 CST 2015]; root of context hierarchy
[org.springframework.beans.factory.xml.XmlBeanDefinitionReader]Loading XML bean definitions from class path resource [spring.xml]
[org.springframework.beans.factory.xml.XmlBeanDefinitionReader]Loading XML bean definitions from class path resource [spring-hibernate.xml]
[org.springframework.beans.factory.config.PropertyPlaceholderConfigurer]Loading properties file from class path resource [config.properties]
[org.springframework.beans.factory.support.DefaultListableBeanFactory]Pre-instantiating singletons in org.springframework.beans.factory.support.DefaultListableBeanFactory@1a2cba6: defining beans [org.springframework.beans.factory.config.PropertyPlaceholderConfigurer#0,baseDaoImpl,userDaoImpl,userService,org.springframework.context.annotation.internalConfigurationAnnotationProcessor,org.springframework.context.annotation.internalAutowiredAnnotationProcessor,org.springframework.context.annotation.internalRequiredAnnotationProcessor,org.springframework.context.annotation.internalCommonAnnotationProcessor,org.springframework.context.annotation.internalPersistenceAnnotationProcessor,dataSource,sessionFactory,transactionManager,transactionAdvice,org.springframework.aop.config.internalAutoProxyCreator,transactionPointcut,org.springframework.aop.support.DefaultBeanFactoryPointcutAdvisor#0,org.springframework.context.annotation.ConfigurationClassPostProcessor.importAwareProcessor]; root of factory hierarchy
[com.alibaba.druid.pool.DruidAbstractDataSource]maxIdle is deprecated
[com.alibaba.druid.pool.DruidDataSource]{dataSource-4} inited
[org.hibernate.dialect.Dialect]HHH000400: Using dialect: org.hibernate.dialect.MySQLDialect
[org.hibernate.engine.transaction.internal.TransactionFactoryInitiator]HHH000399: Using default transaction strategy (direct JDBC transactions)
[org.hibernate.hql.internal.ast.ASTQueryTranslatorFactory]HHH000397: Using ASTQueryTranslatorFactory
[org.hibernate.tool.hbm2ddl.SchemaUpdate]HHH000228: Running hbm2ddl schema update
[org.hibernate.tool.hbm2ddl.SchemaUpdate]HHH000102: Fetching database metadata
[org.hibernate.tool.hbm2ddl.SchemaUpdate]HHH000396: Updating schema
[org.hibernate.tool.hbm2ddl.TableMetadata]HHH000261: Table found: sshf.user
[org.hibernate.tool.hbm2ddl.TableMetadata]HHH000037: Columns: [id, modifydate, username, createdate, password]
[org.hibernate.tool.hbm2ddl.TableMetadata]HHH000108: Foreign keys: []
[org.hibernate.tool.hbm2ddl.TableMetadata]HHH000126: Indexes: [primary]
[org.hibernate.tool.hbm2ddl.SchemaUpdate]HHH000232: Schema update complete
[org.springframework.orm.hibernate4.HibernateTransactionManager]Using DataSource [{
	CreateTime:&quot;2015-05-28 16:21:14&quot;,
	ActiveCount:0,
	PoolingCount:1,
	CreateCount:1,
	DestroyCount:0,
	CloseCount:2,
	ConnectCount:2,
	Connections:[
		{ID:7747356, ConnectTime:&quot;2015-05-28 16:21:14&quot;, UseCount:2, LastActiveTime:&quot;2015-05-28 16:21:14&quot;}
	]
}] of Hibernate SessionFactory for HibernateTransactionManager
Hibernate: select user0_.id as id1_0_0_, user0_.createDate as createDa2_0_0_, user0_.modifyDate as modifyDa3_0_0_, user0_.password as password4_0_0_, user0_.username as username5_0_0_ from user user0_ where user0_.id=?
</system-out>
  </testcase>
  <testcase time="0.141" classname="com.jesus.sshframework.HibernateTest" name="total"/>
</testsuite>